<?xml version="1.0" encoding="UTF-8"?>
<!-- Generated by org.testng.reporters.JUnitXMLReporter -->
<testsuite ignored="0" hostname="SC-AD-LA-1706" failures="0" tests="10" name="Test" time="207.022" errors="0" timestamp="2024-02-10T14:41:57 GST">
  <testcase classname="TestCases.QALegendTestCases" name="loginCRM" time="2.006"/>
  <testcase classname="TestCases.QALegendTestCases" name="testChatBoxFunctionality" time="5.453"/>
  <testcase classname="TestCases.QALegendTestCases" name="projectStatusDropdown" time="5.235"/>
  <testcase classname="TestCases.QALegendTestCases" name="addItems" time="7.659"/>
  <testcase classname="TestCases.QALegendTestCases" name="Tickets" time="10.374"/>
  <testcase classname="TestCases.QALegendTestCases" name="addAnnouncement" time="11.868"/>
  <testcase classname="TestCases.QALegendTestCases" name="applyLeave" time="7.42"/>
  <testcase classname="TestCases.QALegendTestCases" name="addEvent" time="4.667"/>
  <testcase classname="TestCases.QALegendTestCases" name="incomeVsExpenses" time="12.75"/>
  <testcase classname="TestCases.QALegendTestCases" name="clockInOrOutMembers" time="4.948"/>
</testsuite> <!-- Test -->
