<?xml version="1.0" encoding="UTF-8"?>
<testng-results ignored="0" total="1" passed="1" failed="0" skipped="0">
  <reporter-output>
  </reporter-output>
  <suite started-at="2024-02-07T21:58:25 GST" name="Suite" finished-at="2024-02-07T21:58:53 GST" duration-ms="28031">
    <groups>
    </groups>
    <test started-at="2024-02-07T21:58:25 GST" name="Test" finished-at="2024-02-07T21:58:53 GST" duration-ms="28031">
      <class name="TestCases.QALegendTestCases">
        <test-method is-config="true" signature="initialization(java.lang.String)[pri:0, instance:TestCases.QALegendTestCases@a530d0a]" started-at="2024-02-07T21:58:25 GST" name="initialization" finished-at="2024-02-07T21:58:37 GST" duration-ms="12389" status="PASS">
          <params>
            <param index="0">
              <value>
                <![CDATA[Chrome]]>
              </value>
            </param>
          </params>
          <reporter-output>
          </reporter-output>
        </test-method> <!-- initialization -->
        <test-method signature="addAnnouncement()[pri:6, instance:TestCases.QALegendTestCases@a530d0a]" started-at="2024-02-07T21:58:37 GST" name="addAnnouncement" finished-at="2024-02-07T21:58:53 GST" duration-ms="15614" status="PASS">
          <reporter-output>
          </reporter-output>
        </test-method> <!-- addAnnouncement -->
      </class> <!-- TestCases.QALegendTestCases -->
    </test> <!-- Test -->
  </suite> <!-- Suite -->
</testng-results>
