<?xml version="1.0" encoding="UTF-8"?>
<testng-results ignored="0" total="10" passed="10" failed="0" skipped="0">
  <reporter-output>
  </reporter-output>
  <suite started-at="2024-02-10T14:38:30 GST" name="Suite" finished-at="2024-02-10T14:41:57 GST" duration-ms="207022">
    <groups>
      <group name="Regression">
        <method signature="QALegendTestCases.applyLeave()[pri:7, instance:TestCases.QALegendTestCases@b62d79]" name="applyLeave" class="TestCases.QALegendTestCases"/>
        <method signature="QALegendTestCases.clockInOrOutMembers()[pri:10, instance:TestCases.QALegendTestCases@b62d79]" name="clockInOrOutMembers" class="TestCases.QALegendTestCases"/>
        <method signature="QALegendTestCases.loginCRM()[pri:1, instance:TestCases.QALegendTestCases@b62d79]" name="loginCRM" class="TestCases.QALegendTestCases"/>
        <method signature="QALegendTestCases.projectStatusDropdown()[pri:3, instance:TestCases.QALegendTestCases@b62d79]" name="projectStatusDropdown" class="TestCases.QALegendTestCases"/>
        <method signature="QALegendTestCases.testChatBoxFunctionality()[pri:2, instance:TestCases.QALegendTestCases@b62d79]" name="testChatBoxFunctionality" class="TestCases.QALegendTestCases"/>
      </group> <!-- Regression -->
      <group name="Smoketest">
        <method signature="QALegendTestCases.Tickets()[pri:5, instance:TestCases.QALegendTestCases@b62d79]" name="Tickets" class="TestCases.QALegendTestCases"/>
        <method signature="QALegendTestCases.addAnnouncement()[pri:6, instance:TestCases.QALegendTestCases@b62d79]" name="addAnnouncement" class="TestCases.QALegendTestCases"/>
        <method signature="QALegendTestCases.addEvent()[pri:8, instance:TestCases.QALegendTestCases@b62d79]" name="addEvent" class="TestCases.QALegendTestCases"/>
        <method signature="QALegendTestCases.addItems()[pri:4, instance:TestCases.QALegendTestCases@b62d79]" name="addItems" class="TestCases.QALegendTestCases"/>
        <method signature="QALegendTestCases.incomeVsExpenses()[pri:9, instance:TestCases.QALegendTestCases@b62d79]" name="incomeVsExpenses" class="TestCases.QALegendTestCases"/>
      </group> <!-- Smoketest -->
    </groups>
    <test started-at="2024-02-10T14:38:30 GST" name="Test" finished-at="2024-02-10T14:41:57 GST" duration-ms="207022">
      <class name="TestCases.QALegendTestCases">
        <test-method is-config="true" signature="initialization(java.lang.String)[pri:0, instance:TestCases.QALegendTestCases@b62d79]" started-at="2024-02-10T14:38:30 GST" name="initialization" finished-at="2024-02-10T14:38:44 GST" duration-ms="13530" status="PASS">
          <params>
            <param index="0">
              <value>
                <![CDATA[Chrome]]>
              </value>
            </param>
          </params>
          <reporter-output>
          </reporter-output>
        </test-method> <!-- initialization -->
        <test-method signature="loginCRM()[pri:1, instance:TestCases.QALegendTestCases@b62d79]" started-at="2024-02-10T14:38:44 GST" name="loginCRM" finished-at="2024-02-10T14:38:46 GST" duration-ms="2006" status="PASS">
          <reporter-output>
          </reporter-output>
        </test-method> <!-- loginCRM -->
        <test-method is-config="true" signature="tearDown()[pri:0, instance:TestCases.QALegendTestCases@b62d79]" started-at="2024-02-10T14:38:46 GST" name="tearDown" finished-at="2024-02-10T14:38:46 GST" duration-ms="287" status="PASS">
          <reporter-output>
          </reporter-output>
        </test-method> <!-- tearDown -->
        <test-method is-config="true" signature="initialization(java.lang.String)[pri:0, instance:TestCases.QALegendTestCases@b62d79]" started-at="2024-02-10T14:38:46 GST" name="initialization" finished-at="2024-02-10T14:38:58 GST" duration-ms="12200" status="PASS">
          <params>
            <param index="0">
              <value>
                <![CDATA[Chrome]]>
              </value>
            </param>
          </params>
          <reporter-output>
          </reporter-output>
        </test-method> <!-- initialization -->
        <test-method signature="testChatBoxFunctionality()[pri:2, instance:TestCases.QALegendTestCases@b62d79]" started-at="2024-02-10T14:38:58 GST" name="testChatBoxFunctionality" finished-at="2024-02-10T14:39:04 GST" duration-ms="5453" status="PASS">
          <reporter-output>
          </reporter-output>
        </test-method> <!-- testChatBoxFunctionality -->
        <test-method is-config="true" signature="tearDown()[pri:0, instance:TestCases.QALegendTestCases@b62d79]" started-at="2024-02-10T14:39:04 GST" name="tearDown" finished-at="2024-02-10T14:39:04 GST" duration-ms="315" status="PASS">
          <reporter-output>
          </reporter-output>
        </test-method> <!-- tearDown -->
        <test-method is-config="true" signature="initialization(java.lang.String)[pri:0, instance:TestCases.QALegendTestCases@b62d79]" started-at="2024-02-10T14:39:04 GST" name="initialization" finished-at="2024-02-10T14:39:20 GST" duration-ms="16239" status="PASS">
          <params>
            <param index="0">
              <value>
                <![CDATA[Chrome]]>
              </value>
            </param>
          </params>
          <reporter-output>
          </reporter-output>
        </test-method> <!-- initialization -->
        <test-method signature="projectStatusDropdown()[pri:3, instance:TestCases.QALegendTestCases@b62d79]" started-at="2024-02-10T14:39:20 GST" name="projectStatusDropdown" finished-at="2024-02-10T14:39:26 GST" duration-ms="5235" status="PASS">
          <reporter-output>
          </reporter-output>
        </test-method> <!-- projectStatusDropdown -->
        <test-method is-config="true" signature="tearDown()[pri:0, instance:TestCases.QALegendTestCases@b62d79]" started-at="2024-02-10T14:39:26 GST" name="tearDown" finished-at="2024-02-10T14:39:26 GST" duration-ms="313" status="PASS">
          <reporter-output>
          </reporter-output>
        </test-method> <!-- tearDown -->
        <test-method is-config="true" signature="initialization(java.lang.String)[pri:0, instance:TestCases.QALegendTestCases@b62d79]" started-at="2024-02-10T14:39:26 GST" name="initialization" finished-at="2024-02-10T14:39:40 GST" duration-ms="14103" status="PASS">
          <params>
            <param index="0">
              <value>
                <![CDATA[Chrome]]>
              </value>
            </param>
          </params>
          <reporter-output>
          </reporter-output>
        </test-method> <!-- initialization -->
        <test-method signature="addItems()[pri:4, instance:TestCases.QALegendTestCases@b62d79]" started-at="2024-02-10T14:39:40 GST" name="addItems" finished-at="2024-02-10T14:39:48 GST" duration-ms="7659" status="PASS">
          <reporter-output>
          </reporter-output>
        </test-method> <!-- addItems -->
        <test-method is-config="true" signature="tearDown()[pri:0, instance:TestCases.QALegendTestCases@b62d79]" started-at="2024-02-10T14:39:48 GST" name="tearDown" finished-at="2024-02-10T14:39:48 GST" duration-ms="475" status="PASS">
          <reporter-output>
          </reporter-output>
        </test-method> <!-- tearDown -->
        <test-method is-config="true" signature="initialization(java.lang.String)[pri:0, instance:TestCases.QALegendTestCases@b62d79]" started-at="2024-02-10T14:39:48 GST" name="initialization" finished-at="2024-02-10T14:40:00 GST" duration-ms="12031" status="PASS">
          <params>
            <param index="0">
              <value>
                <![CDATA[Chrome]]>
              </value>
            </param>
          </params>
          <reporter-output>
          </reporter-output>
        </test-method> <!-- initialization -->
        <test-method signature="Tickets()[pri:5, instance:TestCases.QALegendTestCases@b62d79]" started-at="2024-02-10T14:40:00 GST" name="Tickets" finished-at="2024-02-10T14:40:10 GST" duration-ms="10374" status="PASS">
          <reporter-output>
          </reporter-output>
        </test-method> <!-- Tickets -->
        <test-method is-config="true" signature="tearDown()[pri:0, instance:TestCases.QALegendTestCases@b62d79]" started-at="2024-02-10T14:40:10 GST" name="tearDown" finished-at="2024-02-10T14:40:11 GST" duration-ms="750" status="PASS">
          <reporter-output>
          </reporter-output>
        </test-method> <!-- tearDown -->
        <test-method is-config="true" signature="initialization(java.lang.String)[pri:0, instance:TestCases.QALegendTestCases@b62d79]" started-at="2024-02-10T14:40:11 GST" name="initialization" finished-at="2024-02-10T14:40:22 GST" duration-ms="10983" status="PASS">
          <params>
            <param index="0">
              <value>
                <![CDATA[Chrome]]>
              </value>
            </param>
          </params>
          <reporter-output>
          </reporter-output>
        </test-method> <!-- initialization -->
        <test-method signature="addAnnouncement()[pri:6, instance:TestCases.QALegendTestCases@b62d79]" started-at="2024-02-10T14:40:22 GST" name="addAnnouncement" finished-at="2024-02-10T14:40:34 GST" duration-ms="11868" status="PASS">
          <reporter-output>
          </reporter-output>
        </test-method> <!-- addAnnouncement -->
        <test-method is-config="true" signature="tearDown()[pri:0, instance:TestCases.QALegendTestCases@b62d79]" started-at="2024-02-10T14:40:34 GST" name="tearDown" finished-at="2024-02-10T14:40:35 GST" duration-ms="424" status="PASS">
          <reporter-output>
          </reporter-output>
        </test-method> <!-- tearDown -->
        <test-method is-config="true" signature="initialization(java.lang.String)[pri:0, instance:TestCases.QALegendTestCases@b62d79]" started-at="2024-02-10T14:40:35 GST" name="initialization" finished-at="2024-02-10T14:40:48 GST" duration-ms="13234" status="PASS">
          <params>
            <param index="0">
              <value>
                <![CDATA[Chrome]]>
              </value>
            </param>
          </params>
          <reporter-output>
          </reporter-output>
        </test-method> <!-- initialization -->
        <test-method signature="applyLeave()[pri:7, instance:TestCases.QALegendTestCases@b62d79]" started-at="2024-02-10T14:40:48 GST" name="applyLeave" finished-at="2024-02-10T14:40:55 GST" duration-ms="7420" status="PASS">
          <reporter-output>
          </reporter-output>
        </test-method> <!-- applyLeave -->
        <test-method is-config="true" signature="tearDown()[pri:0, instance:TestCases.QALegendTestCases@b62d79]" started-at="2024-02-10T14:40:55 GST" name="tearDown" finished-at="2024-02-10T14:40:56 GST" duration-ms="702" status="PASS">
          <reporter-output>
          </reporter-output>
        </test-method> <!-- tearDown -->
        <test-method is-config="true" signature="initialization(java.lang.String)[pri:0, instance:TestCases.QALegendTestCases@b62d79]" started-at="2024-02-10T14:40:56 GST" name="initialization" finished-at="2024-02-10T14:41:09 GST" duration-ms="13473" status="PASS">
          <params>
            <param index="0">
              <value>
                <![CDATA[Chrome]]>
              </value>
            </param>
          </params>
          <reporter-output>
          </reporter-output>
        </test-method> <!-- initialization -->
        <test-method signature="addEvent()[pri:8, instance:TestCases.QALegendTestCases@b62d79]" started-at="2024-02-10T14:41:09 GST" name="addEvent" finished-at="2024-02-10T14:41:14 GST" duration-ms="4667" status="PASS">
          <reporter-output>
          </reporter-output>
        </test-method> <!-- addEvent -->
        <test-method is-config="true" signature="tearDown()[pri:0, instance:TestCases.QALegendTestCases@b62d79]" started-at="2024-02-10T14:41:14 GST" name="tearDown" finished-at="2024-02-10T14:41:14 GST" duration-ms="400" status="PASS">
          <reporter-output>
          </reporter-output>
        </test-method> <!-- tearDown -->
        <test-method is-config="true" signature="initialization(java.lang.String)[pri:0, instance:TestCases.QALegendTestCases@b62d79]" started-at="2024-02-10T14:41:14 GST" name="initialization" finished-at="2024-02-10T14:41:27 GST" duration-ms="12773" status="PASS">
          <params>
            <param index="0">
              <value>
                <![CDATA[Chrome]]>
              </value>
            </param>
          </params>
          <reporter-output>
          </reporter-output>
        </test-method> <!-- initialization -->
        <test-method signature="incomeVsExpenses()[pri:9, instance:TestCases.QALegendTestCases@b62d79]" started-at="2024-02-10T14:41:27 GST" name="incomeVsExpenses" finished-at="2024-02-10T14:41:40 GST" duration-ms="12750" status="PASS">
          <reporter-output>
          </reporter-output>
        </test-method> <!-- incomeVsExpenses -->
        <test-method is-config="true" signature="tearDown()[pri:0, instance:TestCases.QALegendTestCases@b62d79]" started-at="2024-02-10T14:41:40 GST" name="tearDown" finished-at="2024-02-10T14:41:40 GST" duration-ms="321" status="PASS">
          <reporter-output>
          </reporter-output>
        </test-method> <!-- tearDown -->
        <test-method is-config="true" signature="initialization(java.lang.String)[pri:0, instance:TestCases.QALegendTestCases@b62d79]" started-at="2024-02-10T14:41:40 GST" name="initialization" finished-at="2024-02-10T14:41:52 GST" duration-ms="11684" status="PASS">
          <params>
            <param index="0">
              <value>
                <![CDATA[Chrome]]>
              </value>
            </param>
          </params>
          <reporter-output>
          </reporter-output>
        </test-method> <!-- initialization -->
        <test-method signature="clockInOrOutMembers()[pri:10, instance:TestCases.QALegendTestCases@b62d79]" started-at="2024-02-10T14:41:52 GST" name="clockInOrOutMembers" finished-at="2024-02-10T14:41:57 GST" duration-ms="4948" status="PASS">
          <reporter-output>
          </reporter-output>
        </test-method> <!-- clockInOrOutMembers -->
        <test-method is-config="true" signature="tearDown()[pri:0, instance:TestCases.QALegendTestCases@b62d79]" started-at="2024-02-10T14:41:57 GST" name="tearDown" finished-at="2024-02-10T14:41:57 GST" duration-ms="362" status="PASS">
          <reporter-output>
          </reporter-output>
        </test-method> <!-- tearDown -->
      </class> <!-- TestCases.QALegendTestCases -->
    </test> <!-- Test -->
  </suite> <!-- Suite -->
</testng-results>
